{"/Users/matthewhall/Projects/bpix-packages/express-handler-routing/src/express-handler-routing.js":{"path":"/Users/matthewhall/Projects/bpix-packages/express-handler-routing/src/express-handler-routing.js","s":{"1":1,"2":1,"3":1,"4":1,"5":1,"6":1,"7":1,"8":1,"9":1,"10":1,"11":1,"12":12,"13":12,"14":12,"15":0,"16":0,"17":12,"18":5,"19":5,"20":0,"21":0,"22":5,"23":11,"24":7,"25":0,"26":7,"27":7,"28":7,"29":7,"30":7,"31":7,"32":7,"33":7,"34":7,"35":0,"36":0,"37":7,"38":7,"39":7,"40":1,"41":9,"42":11,"43":9,"44":9,"45":9,"46":9,"47":9,"48":9,"49":9,"50":0,"51":9,"52":9,"53":2,"54":0,"55":2,"56":2,"57":2,"58":2,"59":2,"60":0,"61":0,"62":1,"63":14,"64":0,"65":14,"66":1,"67":36,"68":36,"69":0,"70":1,"71":7,"72":1,"73":6,"74":0,"75":0,"76":0,"77":1},"b":{"1":[0,12],"2":[5,7],"3":[0,5],"4":[0,7],"5":[4,3],"6":[7,0],"7":[0,7],"8":[9,2],"9":[9,0],"10":[7,2],"11":[0,9],"12":[0,2],"13":[2,0],"14":[2,2],"15":[1,1],"16":[0,0],"17":[0,0],"18":[0,14],"19":[36,0],"20":[0,0],"21":[1,6],"22":[7,6],"23":[0,0]},"f":{"1":1,"2":12,"3":12,"4":5,"5":11,"6":9,"7":14,"8":36,"9":7,"10":0},"fnMap":{"1":{"name":"createAllRoutes","line":9,"loc":{"start":{"line":9,"column":0},"end":{"line":9,"column":39}}},"2":{"name":"addRoutesInDir","line":23,"loc":{"start":{"line":23,"column":0},"end":{"line":23,"column":46}}},"3":{"name":"(anonymous_3)","line":26,"loc":{"start":{"line":26,"column":19},"end":{"line":26,"column":40}}},"4":{"name":"(anonymous_4)","line":33,"loc":{"start":{"line":33,"column":26},"end":{"line":33,"column":47}}},"5":{"name":"(anonymous_5)","line":39,"loc":{"start":{"line":39,"column":22},"end":{"line":39,"column":37}}},"6":{"name":"addRoutes","line":76,"loc":{"start":{"line":76,"column":0},"end":{"line":76,"column":77}}},"7":{"name":"endsWith","line":120,"loc":{"start":{"line":120,"column":0},"end":{"line":120,"column":31}}},"8":{"name":"makeSureIsArray","line":128,"loc":{"start":{"line":128,"column":0},"end":{"line":128,"column":31}}},"9":{"name":"makeExpressPath","line":136,"loc":{"start":{"line":136,"column":0},"end":{"line":136,"column":30}}},"10":{"name":"(anonymous_10)","line":142,"loc":{"start":{"line":142,"column":56},"end":{"line":142,"column":75}}}},"statementMap":{"1":{"start":{"line":1,"column":0},"end":{"line":1,"column":25}},"2":{"start":{"line":2,"column":0},"end":{"line":2,"column":29}},"3":{"start":{"line":4,"column":0},"end":{"line":4,"column":33}},"4":{"start":{"line":5,"column":0},"end":{"line":5,"column":34}},"5":{"start":{"line":6,"column":0},"end":{"line":6,"column":35}},"6":{"start":{"line":9,"column":0},"end":{"line":20,"column":1}},"7":{"start":{"line":11,"column":2},"end":{"line":11,"column":34}},"8":{"start":{"line":14,"column":2},"end":{"line":14,"column":44}},"9":{"start":{"line":15,"column":2},"end":{"line":15,"column":41}},"10":{"start":{"line":19,"column":2},"end":{"line":19,"column":16}},"11":{"start":{"line":23,"column":0},"end":{"line":74,"column":1}},"12":{"start":{"line":24,"column":2},"end":{"line":24,"column":42}},"13":{"start":{"line":26,"column":2},"end":{"line":73,"column":5}},"14":{"start":{"line":27,"column":4},"end":{"line":30,"column":5}},"15":{"start":{"line":28,"column":6},"end":{"line":28,"column":23}},"16":{"start":{"line":29,"column":6},"end":{"line":29,"column":13}},"17":{"start":{"line":32,"column":4},"end":{"line":72,"column":5}},"18":{"start":{"line":33,"column":6},"end":{"line":42,"column":9}},"19":{"start":{"line":34,"column":8},"end":{"line":37,"column":9}},"20":{"start":{"line":35,"column":10},"end":{"line":35,"column":27}},"21":{"start":{"line":36,"column":10},"end":{"line":36,"column":17}},"22":{"start":{"line":39,"column":8},"end":{"line":41,"column":11}},"23":{"start":{"line":40,"column":10},"end":{"line":40,"column":64}},"24":{"start":{"line":45,"column":6},"end":{"line":47,"column":7}},"25":{"start":{"line":46,"column":8},"end":{"line":46,"column":15}},"26":{"start":{"line":49,"column":6},"end":{"line":49,"column":50}},"27":{"start":{"line":50,"column":6},"end":{"line":50,"column":51}},"28":{"start":{"line":52,"column":6},"end":{"line":52,"column":74}},"29":{"start":{"line":53,"column":6},"end":{"line":53,"column":43}},"30":{"start":{"line":55,"column":6},"end":{"line":55,"column":52}},"31":{"start":{"line":57,"column":6},"end":{"line":57,"column":78}},"32":{"start":{"line":59,"column":6},"end":{"line":59,"column":44}},"33":{"start":{"line":61,"column":6},"end":{"line":71,"column":7}},"34":{"start":{"line":62,"column":8},"end":{"line":70,"column":9}},"35":{"start":{"line":63,"column":10},"end":{"line":63,"column":77}},"36":{"start":{"line":64,"column":10},"end":{"line":64,"column":53}},"37":{"start":{"line":66,"column":10},"end":{"line":66,"column":62}},"38":{"start":{"line":67,"column":10},"end":{"line":67,"column":60}},"39":{"start":{"line":69,"column":10},"end":{"line":69,"column":75}},"40":{"start":{"line":76,"column":0},"end":{"line":118,"column":1}},"41":{"start":{"line":77,"column":2},"end":{"line":117,"column":3}},"42":{"start":{"line":78,"column":4},"end":{"line":116,"column":5}},"43":{"start":{"line":80,"column":6},"end":{"line":80,"column":26}},"44":{"start":{"line":81,"column":6},"end":{"line":81,"column":45}},"45":{"start":{"line":83,"column":6},"end":{"line":83,"column":55}},"46":{"start":{"line":86,"column":6},"end":{"line":86,"column":92}},"47":{"start":{"line":87,"column":6},"end":{"line":87,"column":53}},"48":{"start":{"line":89,"column":6},"end":{"line":94,"column":29}},"49":{"start":{"line":96,"column":6},"end":{"line":98,"column":7}},"50":{"start":{"line":97,"column":8},"end":{"line":97,"column":124}},"51":{"start":{"line":100,"column":6},"end":{"line":100,"column":72}},"52":{"start":{"line":101,"column":6},"end":{"line":101,"column":47}},"53":{"start":{"line":102,"column":11},"end":{"line":116,"column":5}},"54":{"start":{"line":103,"column":6},"end":{"line":103,"column":44}},"55":{"start":{"line":104,"column":11},"end":{"line":116,"column":5}},"56":{"start":{"line":106,"column":6},"end":{"line":106,"column":60}},"57":{"start":{"line":107,"column":6},"end":{"line":107,"column":58}},"58":{"start":{"line":108,"column":6},"end":{"line":108,"column":56}},"59":{"start":{"line":110,"column":6},"end":{"line":110,"column":105}},"60":{"start":{"line":111,"column":11},"end":{"line":116,"column":5}},"61":{"start":{"line":115,"column":6},"end":{"line":115,"column":92}},"62":{"start":{"line":120,"column":0},"end":{"line":126,"column":1}},"63":{"start":{"line":121,"column":2},"end":{"line":123,"column":3}},"64":{"start":{"line":122,"column":4},"end":{"line":122,"column":17}},"65":{"start":{"line":125,"column":2},"end":{"line":125,"column":62}},"66":{"start":{"line":128,"column":0},"end":{"line":134,"column":1}},"67":{"start":{"line":129,"column":2},"end":{"line":131,"column":3}},"68":{"start":{"line":130,"column":4},"end":{"line":130,"column":14}},"69":{"start":{"line":133,"column":2},"end":{"line":133,"column":45}},"70":{"start":{"line":136,"column":0},"end":{"line":151,"column":1}},"71":{"start":{"line":137,"column":2},"end":{"line":139,"column":3}},"72":{"start":{"line":138,"column":4},"end":{"line":138,"column":15}},"73":{"start":{"line":142,"column":2},"end":{"line":150,"column":5}},"74":{"start":{"line":144,"column":4},"end":{"line":146,"column":5}},"75":{"start":{"line":145,"column":6},"end":{"line":145,"column":21}},"76":{"start":{"line":149,"column":4},"end":{"line":149,"column":20}},"77":{"start":{"line":153,"column":0},"end":{"line":153,"column":33}}},"branchMap":{"1":{"line":27,"type":"if","locations":[{"start":{"line":27,"column":4},"end":{"line":27,"column":4}},{"start":{"line":27,"column":4},"end":{"line":27,"column":4}}]},"2":{"line":32,"type":"if","locations":[{"start":{"line":32,"column":4},"end":{"line":32,"column":4}},{"start":{"line":32,"column":4},"end":{"line":32,"column":4}}]},"3":{"line":34,"type":"if","locations":[{"start":{"line":34,"column":8},"end":{"line":34,"column":8}},{"start":{"line":34,"column":8},"end":{"line":34,"column":8}}]},"4":{"line":45,"type":"if","locations":[{"start":{"line":45,"column":6},"end":{"line":45,"column":6}},{"start":{"line":45,"column":6},"end":{"line":45,"column":6}}]},"5":{"line":52,"type":"cond-expr","locations":[{"start":{"line":52,"column":48},"end":{"line":52,"column":68}},{"start":{"line":52,"column":71},"end":{"line":52,"column":72}}]},"6":{"line":61,"type":"if","locations":[{"start":{"line":61,"column":6},"end":{"line":61,"column":6}},{"start":{"line":61,"column":6},"end":{"line":61,"column":6}}]},"7":{"line":62,"type":"if","locations":[{"start":{"line":62,"column":8},"end":{"line":62,"column":8}},{"start":{"line":62,"column":8},"end":{"line":62,"column":8}}]},"8":{"line":78,"type":"if","locations":[{"start":{"line":78,"column":4},"end":{"line":78,"column":4}},{"start":{"line":78,"column":4},"end":{"line":78,"column":4}}]},"9":{"line":86,"type":"binary-expr","locations":[{"start":{"line":86,"column":23},"end":{"line":86,"column":84}},{"start":{"line":86,"column":89},"end":{"line":86,"column":91}}]},"10":{"line":86,"type":"cond-expr","locations":[{"start":{"line":86,"column":55},"end":{"line":86,"column":64}},{"start":{"line":86,"column":67},"end":{"line":86,"column":84}}]},"11":{"line":96,"type":"if","locations":[{"start":{"line":96,"column":6},"end":{"line":96,"column":6}},{"start":{"line":96,"column":6},"end":{"line":96,"column":6}}]},"12":{"line":102,"type":"if","locations":[{"start":{"line":102,"column":11},"end":{"line":102,"column":11}},{"start":{"line":102,"column":11},"end":{"line":102,"column":11}}]},"13":{"line":104,"type":"if","locations":[{"start":{"line":104,"column":11},"end":{"line":104,"column":11}},{"start":{"line":104,"column":11},"end":{"line":104,"column":11}}]},"14":{"line":104,"type":"binary-expr","locations":[{"start":{"line":104,"column":15},"end":{"line":104,"column":26}},{"start":{"line":104,"column":30},"end":{"line":104,"column":45}}]},"15":{"line":106,"type":"cond-expr","locations":[{"start":{"line":106,"column":37},"end":{"line":106,"column":51}},{"start":{"line":106,"column":55},"end":{"line":106,"column":59}}]},"16":{"line":111,"type":"if","locations":[{"start":{"line":111,"column":11},"end":{"line":111,"column":11}},{"start":{"line":111,"column":11},"end":{"line":111,"column":11}}]},"17":{"line":111,"type":"binary-expr","locations":[{"start":{"line":111,"column":15},"end":{"line":111,"column":32}},{"start":{"line":111,"column":36},"end":{"line":111,"column":52}}]},"18":{"line":121,"type":"if","locations":[{"start":{"line":121,"column":2},"end":{"line":121,"column":2}},{"start":{"line":121,"column":2},"end":{"line":121,"column":2}}]},"19":{"line":129,"type":"if","locations":[{"start":{"line":129,"column":2},"end":{"line":129,"column":2}},{"start":{"line":129,"column":2},"end":{"line":129,"column":2}}]},"20":{"line":133,"type":"cond-expr","locations":[{"start":{"line":133,"column":31},"end":{"line":133,"column":35}},{"start":{"line":133,"column":38},"end":{"line":133,"column":44}}]},"21":{"line":137,"type":"if","locations":[{"start":{"line":137,"column":2},"end":{"line":137,"column":2}},{"start":{"line":137,"column":2},"end":{"line":137,"column":2}}]},"22":{"line":137,"type":"binary-expr","locations":[{"start":{"line":137,"column":6},"end":{"line":137,"column":10}},{"start":{"line":137,"column":14},"end":{"line":137,"column":25}}]},"23":{"line":144,"type":"if","locations":[{"start":{"line":144,"column":4},"end":{"line":144,"column":4}},{"start":{"line":144,"column":4},"end":{"line":144,"column":4}}]}}}}