TN:
SF:/Users/matthewhall/Projects/bpix-packages/express-handler-routing/src/express-handler-routing.js
FN:9,createAllRoutes
FN:23,addRoutesInDir
FN:26,(anonymous_3)
FN:33,(anonymous_4)
FN:39,(anonymous_5)
FN:76,addRoutes
FN:120,endsWith
FN:128,makeSureIsArray
FN:136,makeExpressPath
FN:142,(anonymous_10)
FNF:10
FNH:9
FNDA:1,createAllRoutes
FNDA:12,addRoutesInDir
FNDA:12,(anonymous_3)
FNDA:5,(anonymous_4)
FNDA:11,(anonymous_5)
FNDA:9,addRoutes
FNDA:14,endsWith
FNDA:36,makeSureIsArray
FNDA:7,makeExpressPath
FNDA:0,(anonymous_10)
DA:1,1
DA:2,1
DA:4,1
DA:5,1
DA:6,1
DA:9,1
DA:11,1
DA:14,1
DA:15,1
DA:19,1
DA:23,1
DA:24,12
DA:26,12
DA:27,12
DA:28,0
DA:29,0
DA:32,12
DA:33,5
DA:34,5
DA:35,0
DA:36,0
DA:39,5
DA:40,11
DA:45,7
DA:46,0
DA:49,7
DA:50,7
DA:52,7
DA:53,7
DA:55,7
DA:57,7
DA:59,7
DA:61,7
DA:62,7
DA:63,0
DA:64,0
DA:66,7
DA:67,7
DA:69,7
DA:76,1
DA:77,9
DA:78,11
DA:80,9
DA:81,9
DA:83,9
DA:86,9
DA:87,9
DA:89,9
DA:96,9
DA:97,0
DA:100,9
DA:101,9
DA:102,2
DA:103,0
DA:104,2
DA:106,2
DA:107,2
DA:108,2
DA:110,2
DA:111,0
DA:115,0
DA:120,1
DA:121,14
DA:122,0
DA:125,14
DA:128,1
DA:129,36
DA:130,36
DA:133,0
DA:136,1
DA:137,7
DA:138,1
DA:142,6
DA:144,0
DA:145,0
DA:149,0
DA:153,1
LF:77
LH:61
BRDA:27,1,0,0
BRDA:27,1,1,12
BRDA:32,2,0,5
BRDA:32,2,1,7
BRDA:34,3,0,0
BRDA:34,3,1,5
BRDA:45,4,0,0
BRDA:45,4,1,7
BRDA:52,5,0,4
BRDA:52,5,1,3
BRDA:61,6,0,7
BRDA:61,6,1,0
BRDA:62,7,0,0
BRDA:62,7,1,7
BRDA:78,8,0,9
BRDA:78,8,1,2
BRDA:86,9,0,9
BRDA:86,9,1,0
BRDA:86,10,0,7
BRDA:86,10,1,2
BRDA:96,11,0,0
BRDA:96,11,1,9
BRDA:102,12,0,0
BRDA:102,12,1,2
BRDA:104,13,0,2
BRDA:104,13,1,0
BRDA:104,14,0,2
BRDA:104,14,1,2
BRDA:106,15,0,1
BRDA:106,15,1,1
BRDA:111,16,0,0
BRDA:111,16,1,0
BRDA:111,17,0,0
BRDA:111,17,1,0
BRDA:121,18,0,0
BRDA:121,18,1,14
BRDA:129,19,0,36
BRDA:129,19,1,0
BRDA:133,20,0,0
BRDA:133,20,1,0
BRDA:137,21,0,1
BRDA:137,21,1,6
BRDA:137,22,0,7
BRDA:137,22,1,6
BRDA:144,23,0,0
BRDA:144,23,1,0
BRF:46
BRH:27
end_of_record
